{
  "RSpec": {
    "coverage": {
      "/home/codio/workspace/WeSports/WeSports/app/helpers/application_helper.rb": {
        "lines": [
          1,
          null
        ]
      },
      "/home/codio/workspace/WeSports/WeSports/app/controllers/games_controller.rb": {
        "lines": [
          1,
          null,
          1,
          0,
          0,
          null,
          null,
          null,
          1,
          10,
          0,
          null,
          10,
          1,
          1,
          1,
          null,
          1,
          0,
          0,
          0,
          0,
          null,
          null,
          1,
          0,
          0,
          0,
          0,
          0,
          0,
          0,
          0,
          null,
          0,
          0,
          0,
          null,
          null,
          null,
          1,
          0,
          1,
          1,
          1,
          0,
          0,
          0,
          null,
          0,
          0,
          0,
          null,
          null,
          null,
          null,
          null,
          1,
          null,
          null,
          null,
          1,
          3,
          3,
          3,
          1,
          null,
          2,
          null,
          null,
          null,
          1,
          0,
          null,
          null,
          1,
          0,
          0,
          0,
          0,
          null,
          null,
          1,
          3,
          3,
          3,
          3,
          1,
          null,
          2,
          null,
          null,
          null,
          1,
          0,
          0,
          0,
          0,
          null,
          null,
          1,
          1,
          6,
          null,
          null
        ]
      },
      "/home/codio/workspace/WeSports/WeSports/app/controllers/application_controller.rb": {
        "lines": [
          1,
          1,
          null
        ]
      },
      "/home/codio/workspace/WeSports/WeSports/app/controllers/sessions_controller.rb": {
        "lines": [
          1,
          null,
          1,
          null,
          null,
          1,
          null,
          null,
          1,
          0,
          0,
          0,
          0,
          null,
          0,
          0,
          null,
          null,
          null,
          1,
          0,
          0,
          null,
          null,
          1,
          0,
          0,
          0,
          0,
          null,
          0,
          0,
          null,
          null,
          null,
          1,
          1,
          0,
          null,
          null,
          null
        ]
      },
      "/home/codio/workspace/WeSports/WeSports/app/models/game.rb": {
        "lines": [
          1,
          1,
          1,
          0,
          1,
          0,
          null,
          1,
          null,
          null,
          null,
          1,
          3,
          3,
          2,
          1,
          1,
          null,
          1,
          1,
          null,
          null,
          null,
          3,
          null,
          null,
          1,
          1,
          null,
          null,
          1,
          3,
          3,
          1,
          1,
          1,
          null,
          3,
          null,
          null,
          1,
          6,
          2,
          2,
          4,
          1,
          1,
          null,
          3,
          3,
          null,
          6,
          null,
          null
        ]
      },
      "/home/codio/workspace/WeSports/WeSports/app/models/player.rb": {
        "lines": [
          1,
          1,
          1,
          null,
          1,
          0,
          0,
          0,
          null,
          null,
          null
        ]
      }
    },
    "timestamp": 1637128737
  }
}
